An exception occured opening a low level socket
Traceback (most recent call last):
  File "/home/knowns/workflow/network-monitor-client/network_monitor/services/interface_listener.py", line 138, in worker
    with InterfaceContextManager(self.interface_name) as interface:
  File "/home/knowns/workflow/network-monitor-client/network_monitor/services/interface_listener.py", line 46, in __init__
    sock: socket = socket(
  File "/usr/lib/python3.8/socket.py", line 231, in __init__
    _socket.socket.__init__(self, family, type, proto, fileno)
PermissionError: [Errno 1] Operation not permitted
An exception occured opening a low level socket
Traceback (most recent call last):
  File "/home/knowns/workflow/network-monitor-client/network_monitor/services/interface_listener.py", line 138, in worker
    with InterfaceContextManager(self.interface_name) as interface:
  File "/home/knowns/workflow/network-monitor-client/network_monitor/services/interface_listener.py", line 46, in __init__
    sock: socket = socket(
  File "/usr/lib/python3.8/socket.py", line 231, in __init__
    _socket.socket.__init__(self, family, type, proto, fileno)
PermissionError: [Errno 1] Operation not permitted
An exception occured opening a low level socket
Traceback (most recent call last):
  File "/home/knowns/workflow/network-monitor-client/network_monitor/services/interface_listener.py", line 138, in worker
    with InterfaceContextManager(self.interface_name) as interface:
  File "/home/knowns/workflow/network-monitor-client/network_monitor/services/interface_listener.py", line 46, in __init__
    sock: socket = socket(
  File "/usr/lib/python3.8/socket.py", line 231, in __init__
    _socket.socket.__init__(self, family, type, proto, fileno)
PermissionError: [Errno 1] Operation not permitted
An exception occured opening a low level socket
Traceback (most recent call last):
  File "/home/knowns/workflow/network-monitor-client/network_monitor/services/interface_listener.py", line 138, in worker
    with InterfaceContextManager(self.interface_name) as interface:
  File "/home/knowns/workflow/network-monitor-client/network_monitor/services/interface_listener.py", line 46, in __init__
    sock: socket = socket(
  File "/usr/lib/python3.8/socket.py", line 231, in __init__
    _socket.socket.__init__(self, family, type, proto, fileno)
PermissionError: [Errno 1] Operation not permitted
An exception occured opening a low level socket
Traceback (most recent call last):
  File "/home/knowns/workflow/network-monitor-client/network_monitor/services/interface_listener.py", line 138, in worker
    with InterfaceContextManager(self.interface_name) as interface:
  File "/home/knowns/workflow/network-monitor-client/network_monitor/services/interface_listener.py", line 46, in __init__
    sock: socket = socket(
  File "/usr/lib/python3.8/socket.py", line 231, in __init__
    _socket.socket.__init__(self, family, type, proto, fileno)
PermissionError: [Errno 1] Operation not permitted
An exception occured opening a low level socket
Traceback (most recent call last):
  File "/home/knowns/workflow/network-monitor-client/network_monitor/services/interface_listener.py", line 138, in worker
    with InterfaceContextManager(self.interface_name) as interface:
  File "/home/knowns/workflow/network-monitor-client/network_monitor/services/interface_listener.py", line 46, in __init__
    sock: socket = socket(
  File "/usr/lib/python3.8/socket.py", line 231, in __init__
    _socket.socket.__init__(self, family, type, proto, fileno)
PermissionError: [Errno 1] Operation not permitted
An exception occured opening a low level socket
Traceback (most recent call last):
  File "/home/knowns/workflow/network-monitor-client/network_monitor/services/interface_listener.py", line 138, in worker
    with InterfaceContextManager(self.interface_name) as interface:
  File "/home/knowns/workflow/network-monitor-client/network_monitor/services/interface_listener.py", line 46, in __init__
    sock: socket = socket(
  File "/usr/lib/python3.8/socket.py", line 231, in __init__
    _socket.socket.__init__(self, family, type, proto, fileno)
PermissionError: [Errno 1] Operation not permitted
An exception occured opening a low level socket
Traceback (most recent call last):
  File "/home/knowns/workflow/network-monitor-client/network_monitor/services/interface_listener.py", line 138, in worker
    with InterfaceContextManager(self.interface_name) as interface:
  File "/home/knowns/workflow/network-monitor-client/network_monitor/services/interface_listener.py", line 46, in __init__
    sock: socket = socket(
  File "/usr/lib/python3.8/socket.py", line 231, in __init__
    _socket.socket.__init__(self, family, type, proto, fileno)
PermissionError: [Errno 1] Operation not permitted
An exception occured opening a low level socket
Traceback (most recent call last):
  File "/home/knowns/workflow/network-monitor-client/network_monitor/services/interface_listener.py", line 138, in worker
    with InterfaceContextManager(self.interface_name) as interface:
  File "/home/knowns/workflow/network-monitor-client/network_monitor/services/interface_listener.py", line 46, in __init__
    sock: socket = socket(
  File "/usr/lib/python3.8/socket.py", line 231, in __init__
    _socket.socket.__init__(self, family, type, proto, fileno)
PermissionError: [Errno 1] Operation not permitted
An exception occured opening a low level socket
Traceback (most recent call last):
  File "/home/knowns/workflow/network-monitor-client/network_monitor/services/interface_listener.py", line 138, in worker
    with InterfaceContextManager(self.interface_name) as interface:
  File "/home/knowns/workflow/network-monitor-client/network_monitor/services/interface_listener.py", line 46, in __init__
    sock: socket = socket(
  File "/usr/lib/python3.8/socket.py", line 231, in __init__
    _socket.socket.__init__(self, family, type, proto, fileno)
PermissionError: [Errno 1] Operation not permitted
An exception occured opening a low level socket
Traceback (most recent call last):
  File "/home/knowns/workflow/network-monitor-client/network_monitor/services/interface_listener.py", line 138, in worker
    with InterfaceContextManager(self.interface_name) as interface:
  File "/home/knowns/workflow/network-monitor-client/network_monitor/services/interface_listener.py", line 46, in __init__
    sock: socket = socket(
  File "/usr/lib/python3.8/socket.py", line 231, in __init__
    _socket.socket.__init__(self, family, type, proto, fileno)
PermissionError: [Errno 1] Operation not permitted
An exception occured opening a low level socket
Traceback (most recent call last):
  File "/home/knowns/workflow/network-monitor-client/network_monitor/services/interface_listener.py", line 138, in worker
    with InterfaceContextManager(self.interface_name) as interface:
  File "/home/knowns/workflow/network-monitor-client/network_monitor/services/interface_listener.py", line 46, in __init__
    sock: socket = socket(
  File "/usr/lib/python3.8/socket.py", line 231, in __init__
    _socket.socket.__init__(self, family, type, proto, fileno)
PermissionError: [Errno 1] Operation not permitted
An exception occured opening a low level socket
Traceback (most recent call last):
  File "/home/knowns/workflow/network-monitor-client/network_monitor/services/interface_listener.py", line 138, in worker
    with InterfaceContextManager(self.interface_name) as interface:
  File "/home/knowns/workflow/network-monitor-client/network_monitor/services/interface_listener.py", line 46, in __init__
    sock: socket = socket(
  File "/usr/lib/python3.8/socket.py", line 231, in __init__
    _socket.socket.__init__(self, family, type, proto, fileno)
PermissionError: [Errno 1] Operation not permitted
An exception occured opening a low level socket
Traceback (most recent call last):
  File "/home/knowns/workflow/network-monitor-client/network_monitor/services/interface_listener.py", line 138, in worker
    with InterfaceContextManager(self.interface_name) as interface:
  File "/home/knowns/workflow/network-monitor-client/network_monitor/services/interface_listener.py", line 46, in __init__
    sock: socket = socket(
  File "/usr/lib/python3.8/socket.py", line 231, in __init__
    _socket.socket.__init__(self, family, type, proto, fileno)
PermissionError: [Errno 1] Operation not permitted
An exception occured opening a low level socket
Traceback (most recent call last):
  File "/home/knowns/workflow/network-monitor-client/network_monitor/services/interface_listener.py", line 138, in worker
    with InterfaceContextManager(self.interface_name) as interface:
  File "/home/knowns/workflow/network-monitor-client/network_monitor/services/interface_listener.py", line 46, in __init__
    sock: socket = socket(
  File "/usr/lib/python3.8/socket.py", line 231, in __init__
    _socket.socket.__init__(self, family, type, proto, fileno)
PermissionError: [Errno 1] Operation not permitted
An exception occured opening a low level socket
Traceback (most recent call last):
  File "/home/knowns/workflow/network-monitor-client/network_monitor/services/interface_listener.py", line 138, in worker
    with InterfaceContextManager(self.interface_name) as interface:
  File "/home/knowns/workflow/network-monitor-client/network_monitor/services/interface_listener.py", line 46, in __init__
    sock: socket = socket(
  File "/usr/lib/python3.8/socket.py", line 231, in __init__
    _socket.socket.__init__(self, family, type, proto, fileno)
PermissionError: [Errno 1] Operation not permitted
An exception occured opening a low level socket
Traceback (most recent call last):
  File "/home/knowns/workflow/network-monitor-client/network_monitor/services/interface_listener.py", line 138, in worker
    with InterfaceContextManager(self.interface_name) as interface:
  File "/home/knowns/workflow/network-monitor-client/network_monitor/services/interface_listener.py", line 46, in __init__
    sock: socket = socket(
  File "/usr/lib/python3.8/socket.py", line 231, in __init__
    _socket.socket.__init__(self, family, type, proto, fileno)
PermissionError: [Errno 1] Operation not permitted
An exception occured opening a low level socket
Traceback (most recent call last):
  File "/home/knowns/workflow/network-monitor-client/network_monitor/services/interface_listener.py", line 138, in worker
    with InterfaceContextManager(self.interface_name) as interface:
  File "/home/knowns/workflow/network-monitor-client/network_monitor/services/interface_listener.py", line 46, in __init__
    sock: socket = socket(
  File "/usr/lib/python3.8/socket.py", line 231, in __init__
    _socket.socket.__init__(self, family, type, proto, fileno)
PermissionError: [Errno 1] Operation not permitted
An exception occured opening a low level socket
Traceback (most recent call last):
  File "/home/knowns/workflow/network-monitor-client/network_monitor/services/interface_listener.py", line 138, in worker
    with InterfaceContextManager(self.interface_name) as interface:
  File "/home/knowns/workflow/network-monitor-client/network_monitor/services/interface_listener.py", line 46, in __init__
    sock: socket = socket(
  File "/usr/lib/python3.8/socket.py", line 231, in __init__
    _socket.socket.__init__(self, family, type, proto, fileno)
PermissionError: [Errno 1] Operation not permitted
An exception occured opening a low level socket
Traceback (most recent call last):
  File "/home/knowns/workflow/network-monitor-client/network_monitor/services/interface_listener.py", line 138, in worker
    with InterfaceContextManager(self.interface_name) as interface:
  File "/home/knowns/workflow/network-monitor-client/network_monitor/services/interface_listener.py", line 46, in __init__
    sock: socket = socket(
  File "/usr/lib/python3.8/socket.py", line 231, in __init__
    _socket.socket.__init__(self, family, type, proto, fileno)
PermissionError: [Errno 1] Operation not permitted
An exception occured opening a low level socket
Traceback (most recent call last):
  File "/home/knowns/workflow/network-monitor-client/network_monitor/services/interface_listener.py", line 138, in worker
    with InterfaceContextManager(self.interface_name) as interface:
  File "/home/knowns/workflow/network-monitor-client/network_monitor/services/interface_listener.py", line 46, in __init__
    sock: socket = socket(
  File "/usr/lib/python3.8/socket.py", line 231, in __init__
    _socket.socket.__init__(self, family, type, proto, fileno)
PermissionError: [Errno 1] Operation not permitted
An exception occured opening a low level socket
Traceback (most recent call last):
  File "/home/knowns/workflow/network-monitor-client/network_monitor/services/interface_listener.py", line 138, in worker
    with InterfaceContextManager(self.interface_name) as interface:
  File "/home/knowns/workflow/network-monitor-client/network_monitor/services/interface_listener.py", line 46, in __init__
    sock: socket = socket(
  File "/usr/lib/python3.8/socket.py", line 231, in __init__
    _socket.socket.__init__(self, family, type, proto, fileno)
PermissionError: [Errno 1] Operation not permitted
An exception occured opening a low level socket
Traceback (most recent call last):
  File "/home/knowns/workflow/network-monitor-client/network_monitor/services/interface_listener.py", line 138, in worker
    with InterfaceContextManager(self.interface_name) as interface:
  File "/home/knowns/workflow/network-monitor-client/network_monitor/services/interface_listener.py", line 46, in __init__
    sock: socket = socket(
  File "/usr/lib/python3.8/socket.py", line 231, in __init__
    _socket.socket.__init__(self, family, type, proto, fileno)
PermissionError: [Errno 1] Operation not permitted
An exception occured opening a low level socket
Traceback (most recent call last):
  File "/home/knowns/workflow/network-monitor-client/network_monitor/services/interface_listener.py", line 138, in worker
    with InterfaceContextManager(self.interface_name) as interface:
  File "/home/knowns/workflow/network-monitor-client/network_monitor/services/interface_listener.py", line 46, in __init__
    sock: socket = socket(
  File "/usr/lib/python3.8/socket.py", line 231, in __init__
    _socket.socket.__init__(self, family, type, proto, fileno)
PermissionError: [Errno 1] Operation not permitted
An exception occured opening a low level socket
Traceback (most recent call last):
  File "/home/knowns/workflow/network-monitor-client/network_monitor/services/interface_listener.py", line 138, in worker
    with InterfaceContextManager(self.interface_name) as interface:
  File "/home/knowns/workflow/network-monitor-client/network_monitor/services/interface_listener.py", line 46, in __init__
    sock: socket = socket(
  File "/usr/lib/python3.8/socket.py", line 231, in __init__
    _socket.socket.__init__(self, family, type, proto, fileno)
PermissionError: [Errno 1] Operation not permitted
Unable open a low level socket: [Errno 1] Operation not permitted
Traceback (most recent call last):
  File "/home/knowns/workflow/network-monitor-client/network_monitor/services/interface_listener.py", line 123, in worker
    pm_socket = InterfaceContextManager(
  File "/home/knowns/workflow/network-monitor-client/network_monitor/services/interface_listener.py", line 49, in __init__
    sock: socket = socket(
  File "/usr/lib/python3.8/socket.py", line 231, in __init__
    _socket.socket.__init__(self, family, type, proto, fileno)
PermissionError: [Errno 1] Operation not permitted
Unable open a low level socket: [Errno 1] Operation not permitted
Traceback (most recent call last):
  File "/home/knowns/workflow/network-monitor-client/network_monitor/services/interface_listener.py", line 122, in worker
    icm = InterfaceContextManager(
  File "/home/knowns/workflow/network-monitor-client/network_monitor/services/interface_listener.py", line 49, in __init__
    sock: socket = socket(
  File "/usr/lib/python3.8/socket.py", line 231, in __init__
    _socket.socket.__init__(self, family, type, proto, fileno)
PermissionError: [Errno 1] Operation not permitted
Unable open a low level socket: [Errno 1] Operation not permitted
Traceback (most recent call last):
  File "/home/knowns/workflow/network-monitor-client/network_monitor/services/interface_listener.py", line 125, in worker
    pm_socket = icm.get_socket()
  File "/home/knowns/workflow/network-monitor-client/network_monitor/services/interface_listener.py", line 51, in get_socket
    sock: socket = socket(
  File "/usr/lib/python3.8/socket.py", line 231, in __init__
    _socket.socket.__init__(self, family, type, proto, fileno)
PermissionError: [Errno 1] Operation not permitted
Unable open a low level socket: [Errno 1] Operation not permitted
Traceback (most recent call last):
  File "/home/knowns/workflow/network-monitor-client/network_monitor/services/interface_listener.py", line 125, in worker
    pm_socket = icm.get_socket()
  File "/home/knowns/workflow/network-monitor-client/network_monitor/services/interface_listener.py", line 51, in get_socket
    sock: socket = socket(
  File "/usr/lib/python3.8/socket.py", line 231, in __init__
    _socket.socket.__init__(self, family, type, proto, fileno)
PermissionError: [Errno 1] Operation not permitted
